<?xml version="1.0" encoding="UTF-8"?>
<!-- Generated by org.testng.reporters.JUnitXMLReporter -->
<testsuite hostname="MacBook-Air.local" name="Default test(failed)(failed)(failed)" tests="6" failures="0" timestamp="20 Nov 2015 01:27:06 GMT" time="79.009" errors="0">
  <testcase name="launchApplication" time="5.398" classname="test.MainTest"/>
  <testcase name="logIn" time="0.466" classname="test.MainTest"/>
  <testcase name="search" time="26.817" classname="test.MainTest"/>
  <testcase name="clickItem" time="2.585" classname="test.MainTest"/>
  <testcase name="addToCart" time="41.781" classname="test.MainTest"/>
  <testcase name="validateCart" time="1.929" classname="test.MainTest"/>
</testsuite> <!-- Default test(failed)(failed)(failed) -->
