<?xml version="1.0" encoding="UTF-8"?>
<!-- Generated by org.testng.reporters.JUnitXMLReporter -->
<testsuite hostname="MacBook-Air.local" name="Default test(failed)" tests="6" failures="0" timestamp="20 Nov 2015 00:52:06 GMT" time="99.008" errors="0">
  <testcase name="launchApplication" time="10.861" classname="test.MainTest"/>
  <testcase name="logIn" time="0.606" classname="test.MainTest"/>
  <testcase name="search" time="28.044" classname="test.MainTest"/>
  <testcase name="clickItem" time="12.7" classname="test.MainTest"/>
  <testcase name="addToCart" time="46.443" classname="test.MainTest"/>
  <testcase name="validateCart" time="0.309" classname="test.MainTest"/>
</testsuite> <!-- Default test(failed) -->
